rm: cannot remove ‘mpi_sum.txt’: No such file or directory
n = 500, simulation time = 0.020424 seconds
n = 500, simulation time = 0.706422 seconds
n = 500, simulation time = 0.707059 seconds
n = 500, simulation time = 0.736925 seconds
n = 500, simulation time = 0.738323 seconds
n = 500, simulation time = 0.738265 seconds
n = 1000, simulation time = 2.86742 seconds
n = 2000, simulation time = 11.4646 seconds
n = 4000, simulation time = 45.7024 seconds
n = 8000, simulation time = 182.309 seconds

Strong scaling estimates are :
    0.03    0.03    0.03    0.03    0.03 (speedup)
    0.03    0.03    0.03    0.03    0.03 (efficiency)    for
       1       1       1       1       1 threads/processors

Average strong scaling efficiency:    0.03 

Weak scaling estimates are :
    0.03    0.01    0.00    0.00    0.00 (efficiency)    for
       1       1       1       1       1 threads/processors

Average weak scaling efficiency:    0.01 


mpi Grade =    2.69

